# JRE version: OpenJDK Runtime Environment (8.0_212-b04) (build 1.8.0_212-release-1586-b04)
# Java VM: OpenJDK 64-Bit Server VM (25.212-b04 mixed mode windows-amd64 compressed oops)
Heap:
 PSYoungGen      total 271872K, used 124145K [0x00000000e0000000, 0x00000000f5780000, 0x0000000100000000)
  eden space 251392K, 41% used [0x00000000e0000000,0x00000000e65410a8,0x00000000ef580000)
  from space 20480K, 99% used [0x00000000f0e80000,0x00000000f227b6a0,0x00000000f2280000)
  to   space 25600K, 0% used [0x00000000ef580000,0x00000000ef580000,0x00000000f0e80000)
 ParOldGen       total 167936K, used 51501K [0x00000000a0000000, 0x00000000aa400000, 0x00000000e0000000)
  object space 167936K, 30% used [0x00000000a0000000,0x00000000a324b650,0x00000000aa400000)
 Metaspace       used 75721K, capacity 79809K, committed 79912K, reserved 1118208K
  class space    used 10033K, capacity 10796K, committed 10800K, reserved 1048576K
GC Heap History (10 events):
Event: 5.156 GC heap before
{Heap before GC invocations=11 (full 2):
 PSYoungGen      total 206336K, used 171681K [0x00000000e0000000, 0x00000000ef700000, 0x0000000100000000)
  eden space 194560K, 82% used [0x00000000e0000000,0x00000000e9c2c180,0x00000000ebe00000)
  from space 11776K, 99% used [0x00000000eeb80000,0x00000000ef6fc3d0,0x00000000ef700000)
  to   space 14848K, 0% used [0x00000000eda00000,0x00000000eda00000,0x00000000ee880000)
 ParOldGen       total 110592K, used 19467K [0x00000000a0000000, 0x00000000a6c00000, 0x00000000e0000000)
  object space 110592K, 17% used [0x00000000a0000000,0x00000000a1302e38,0x00000000a6c00000)
 Metaspace       used 56701K, capacity 59121K, committed 59160K, reserved 1099776K
  class space    used 7826K, capacity 8364K, committed 8368K, reserved 1048576K
Event: 5.171 GC heap after
Heap after GC invocations=11 (full 2):
 PSYoungGen      total 238080K, used 14833K [0x00000000e0000000, 0x00000000f2280000, 0x0000000100000000)
  eden space 223232K, 0% used [0x00000000e0000000,0x00000000e0000000,0x00000000eda00000)
  from space 14848K, 99% used [0x00000000eda00000,0x00000000ee87c5c8,0x00000000ee880000)
  to   space 20480K, 0% used [0x00000000f0e80000,0x00000000f0e80000,0x00000000f2280000)
 ParOldGen       total 110592K, used 29350K [0x00000000a0000000, 0x00000000a6c00000, 0x00000000e0000000)
  object space 110592K, 26% used [0x00000000a0000000,0x00000000a1ca9bb0,0x00000000a6c00000)
 Metaspace       used 56701K, capacity 59121K, committed 59160K, reserved 1099776K
  class space    used 7826K, capacity 8364K, committed 8368K, reserved 1048576K
}
Event: 5.171 GC heap before
{Heap before GC invocations=12 (full 3):
 PSYoungGen      total 238080K, used 14833K [0x00000000e0000000, 0x00000000f2280000, 0x0000000100000000)
  eden space 223232K, 0% used [0x00000000e0000000,0x00000000e0000000,0x00000000eda00000)
  from space 14848K, 99% used [0x00000000eda00000,0x00000000ee87c5c8,0x00000000ee880000)
  to   space 20480K, 0% used [0x00000000f0e80000,0x00000000f0e80000,0x00000000f2280000)
 ParOldGen       total 110592K, used 29350K [0x00000000a0000000, 0x00000000a6c00000, 0x00000000e0000000)
  object space 110592K, 26% used [0x00000000a0000000,0x00000000a1ca9bb0,0x00000000a6c00000)
 Metaspace       used 56701K, capacity 59121K, committed 59160K, reserved 1099776K
  class space    used 7826K, capacity 8364K, committed 8368K, reserved 1048576K
Event: 5.327 GC heap after
Heap after GC invocations=12 (full 3):
 PSYoungGen      total 238080K, used 0K [0x00000000e0000000, 0x00000000f2280000, 0x0000000100000000)
  eden space 223232K, 0% used [0x00000000e0000000,0x00000000e0000000,0x00000000eda00000)
  from space 14848K, 0% used [0x00000000eda00000,0x00000000eda00000,0x00000000ee880000)
  to   space 20480K, 0% used [0x00000000f0e80000,0x00000000f0e80000,0x00000000f2280000)
 ParOldGen       total 167936K, used 36663K [0x00000000a0000000, 0x00000000aa400000, 0x00000000e0000000)
  object space 167936K, 21% used [0x00000000a0000000,0x00000000a23cde50,0x00000000aa400000)
 Metaspace       used 56666K, capacity 59001K, committed 59160K, reserved 1099776K
  class space    used 7815K, capacity 8344K, committed 8368K, reserved 1048576K
}
Event: 6.501 GC heap before
{Heap before GC invocations=13 (full 3):
 PSYoungGen      total 238080K, used 223232K [0x00000000e0000000, 0x00000000f2280000, 0x0000000100000000)
  eden space 223232K, 100% used [0x00000000e0000000,0x00000000eda00000,0x00000000eda00000)
  from space 14848K, 0% used [0x00000000eda00000,0x00000000eda00000,0x00000000ee880000)
  to   space 20480K, 0% used [0x00000000f0e80000,0x00000000f0e80000,0x00000000f2280000)
 ParOldGen       total 167936K, used 36663K [0x00000000a0000000, 0x00000000aa400000, 0x00000000e0000000)
  object space 167936K, 21% used [0x00000000a0000000,0x00000000a23cde50,0x00000000aa400000)
 Metaspace       used 62293K, capacity 65943K, committed 66216K, reserved 1105920K
  class space    used 8631K, capacity 9303K, committed 9392K, reserved 1048576K
Event: 6.515 GC heap after
Heap after GC invocations=13 (full 3):
 PSYoungGen      total 274432K, used 20456K [0x00000000e0000000, 0x00000000f3e00000, 0x0000000100000000)
  eden space 253952K, 0% used [0x00000000e0000000,0x00000000e0000000,0x00000000ef800000)
  from space 20480K, 99% used [0x00000000f0e80000,0x00000000f227a358,0x00000000f2280000)
  to   space 23040K, 0% used [0x00000000ef800000,0x00000000ef800000,0x00000000f0e80000)
 ParOldGen       total 167936K, used 37513K [0x00000000a0000000, 0x00000000aa400000, 0x00000000e0000000)
  object space 167936K, 22% used [0x00000000a0000000,0x00000000a24a26e0,0x00000000aa400000)
 Metaspace       used 62293K, capacity 65943K, committed 66216K, reserved 1105920K
  class space    used 8631K, capacity 9303K, committed 9392K, reserved 1048576K
}
Event: 7.772 GC heap before
{Heap before GC invocations=14 (full 3):
 PSYoungGen      total 274432K, used 274408K [0x00000000e0000000, 0x00000000f3e00000, 0x0000000100000000)
  eden space 253952K, 100% used [0x00000000e0000000,0x00000000ef800000,0x00000000ef800000)
  from space 20480K, 99% used [0x00000000f0e80000,0x00000000f227a358,0x00000000f2280000)
  to   space 23040K, 0% used [0x00000000ef800000,0x00000000ef800000,0x00000000f0e80000)
 ParOldGen       total 167936K, used 37513K [0x00000000a0000000, 0x00000000aa400000, 0x00000000e0000000)
  object space 167936K, 22% used [0x00000000a0000000,0x00000000a24a26e0,0x00000000aa400000)
 Metaspace       used 66961K, capacity 70731K, committed 70824K, reserved 1110016K
  class space    used 9185K, capacity 9879K, committed 9904K, reserved 1048576K
Event: 7.783 GC heap after
Heap after GC invocations=14 (full 3):
 PSYoungGen      total 276992K, used 9184K [0x00000000e0000000, 0x00000000f3e00000, 0x0000000100000000)
  eden space 253952K, 0% used [0x00000000e0000000,0x00000000e0000000,0x00000000ef800000)
  from space 23040K, 39% used [0x00000000ef800000,0x00000000f00f82c0,0x00000000f0e80000)
  to   space 20480K, 0% used [0x00000000f0e80000,0x00000000f0e80000,0x00000000f2280000)
 ParOldGen       total 167936K, used 48932K [0x00000000a0000000, 0x00000000aa400000, 0x00000000e0000000)
  object space 167936K, 29% used [0x00000000a0000000,0x00000000a2fc90b8,0x00000000aa400000)
 Metaspace       used 66961K, capacity 70731K, committed 70824K, reserved 1110016K
  class space    used 9185K, capacity 9879K, committed 9904K, reserved 1048576K
}
Event: 67.776 GC heap before
{Heap before GC invocations=15 (full 3):
 PSYoungGen      total 276992K, used 263136K [0x00000000e0000000, 0x00000000f3e00000, 0x0000000100000000)
  eden space 253952K, 100% used [0x00000000e0000000,0x00000000ef800000,0x00000000ef800000)
  from space 23040K, 39% used [0x00000000ef800000,0x00000000f00f82c0,0x00000000f0e80000)
  to   space 20480K, 0% used [0x00000000f0e80000,0x00000000f0e80000,0x00000000f2280000)
 ParOldGen       total 167936K, used 48932K [0x00000000a0000000, 0x00000000aa400000, 0x00000000e0000000)
  object space 167936K, 29% used [0x00000000a0000000,0x00000000a2fc90b8,0x00000000aa400000)
 Metaspace       used 75577K, capacity 79617K, committed 79656K, reserved 1118208K
  class space    used 10033K, capacity 10796K, committed 10800K, reserved 1048576K
Event: 67.788 GC heap after
Heap after GC invocations=15 (full 3):
 PSYoungGen      total 271872K, used 20461K [0x00000000e0000000, 0x00000000f5780000, 0x0000000100000000)
  eden space 251392K, 0% used [0x00000000e0000000,0x00000000e0000000,0x00000000ef580000)
  from space 20480K, 99% used [0x00000000f0e80000,0x00000000f227b6a0,0x00000000f2280000)
  to   space 25600K, 0% used [0x00000000ef580000,0x00000000ef580000,0x00000000f0e80000)
 ParOldGen       total 167936K, used 51501K [0x00000000a0000000, 0x00000000aa400000, 0x00000000e0000000)
  object space 167936K, 30% used [0x00000000a0000000,0x00000000a324b650,0x00000000aa400000)
 Metaspace       used 75577K, capacity 79617K, committed 79656K, reserved 1118208K
  class space    used 10033K, capacity 10796K, committed 10800K, reserved 1048576K
}

